2023-06-24 11:36:24,546:INFO:parent:Info message
2023-06-24 11:36:24,546:WARNING:parent:Warning message
2023-06-24 11:36:24,546:ERROR:parent:Error message
2023-06-24 11:36:24,547:CRITICAL:parent:Critical message
2023-06-24 11:39:40,444:INFO:que7_parent:Info message
2023-06-24 11:39:40,444:WARNING:que7_parent:Warning message
2023-06-24 11:39:40,444:ERROR:que7_parent:Error message
2023-06-24 11:39:40,445:CRITICAL:que7_parent:Critical message
2023-06-24 11:43:56,581:WARNING:root:A WARNING
2023-06-24 11:43:56,581:ERROR:root:An ERROR
2023-06-24 11:43:56,582:CRITICAL:root:A message of CRITICAL severity
2023-06-24 11:46:12,552:WARNING:root:A WARNING
2023-06-24 11:46:12,553:ERROR:root:An ERROR
2023-06-24 11:46:12,554:CRITICAL:root:A message of CRITICAL severity
2023-06-24 11:48:01,349:WARNING:root:A WARNING
2023-06-24 11:48:01,349:ERROR:root:An ERROR
2023-06-24 11:48:01,350:CRITICAL:root:A message of CRITICAL severity
2023-06-24 11:48:44,676:WARNING:root:A WARNING
2023-06-24 11:48:44,676:ERROR:root:An ERROR
2023-06-24 11:48:44,676:CRITICAL:root:A message of CRITICAL severity
2023-06-24 11:48:53,729:WARNING:root:A WARNING
2023-06-24 11:48:53,729:ERROR:root:An ERROR
2023-06-24 11:48:53,729:CRITICAL:root:A message of CRITICAL severity
